  Source.cpp
c:\users\mi\desktop\курсач 2курс(2)\сервер1.0\сервер1.0\source.cpp(116): warning C4244: =: преобразование "std::streamoff" в "long", возможна потеря данных
c:\users\mi\desktop\курсач 2курс(2)\сервер1.0\сервер1.0\source.cpp(235): warning C4244: =: преобразование "double" в "float", возможна потеря данных
c:\users\mi\desktop\курсач 2курс(2)\сервер1.0\сервер1.0\source.cpp(309): warning C4244: =: преобразование "int" в "float", возможна потеря данных
c:\users\mi\desktop\курсач 2курс(2)\сервер1.0\сервер1.0\source.cpp(425): warning C4244: =: преобразование "std::streamoff" в "long", возможна потеря данных
c:\users\mi\desktop\курсач 2курс(2)\сервер1.0\сервер1.0\source.cpp(422): warning C4101: buf: неиспользованная локальная переменная
c:\users\mi\desktop\курсач 2курс(2)\сервер1.0\сервер1.0\source.cpp(549): warning C4244: =: преобразование "std::streamoff" в "long", возможна потеря данных
c:\users\mi\desktop\курсач 2курс(2)\сервер1.0\сервер1.0\source.cpp(546): warning C4101: buf: неиспользованная локальная переменная
c:\users\mi\desktop\курсач 2курс(2)\сервер1.0\сервер1.0\source.cpp(905): warning C4101: kol: неиспользованная локальная переменная
c:\users\mi\desktop\курсач 2курс(2)\сервер1.0\сервер1.0\source.cpp(904): warning C4101: buf: неиспользованная локальная переменная
c:\users\mi\desktop\курсач 2курс(2)\сервер1.0\сервер1.0\source.cpp(976): warning C4244: инициализация: преобразование "double" в "int", возможна потеря данных
c:\users\mi\desktop\курсач 2курс(2)\сервер1.0\сервер1.0\source.cpp(978): warning C4018: <: несоответствие типов со знаком и без знака
c:\users\mi\desktop\курсач 2курс(2)\сервер1.0\сервер1.0\source.cpp(1006): warning C4018: <: несоответствие типов со знаком и без знака
c:\users\mi\desktop\курсач 2курс(2)\сервер1.0\сервер1.0\source.cpp(1021): warning C4018: <: несоответствие типов со знаком и без знака
c:\users\mi\desktop\курсач 2курс(2)\сервер1.0\сервер1.0\source.cpp(1024): warning C4018: <: несоответствие типов со знаком и без знака
c:\users\mi\desktop\курсач 2курс(2)\сервер1.0\сервер1.0\source.cpp(1032): warning C4018: <: несоответствие типов со знаком и без знака
c:\users\mi\desktop\курсач 2курс(2)\сервер1.0\сервер1.0\source.cpp(1049): warning C4018: <: несоответствие типов со знаком и без знака
c:\users\mi\desktop\курсач 2курс(2)\сервер1.0\сервер1.0\source.cpp(1196): warning C4101: buff: неиспользованная локальная переменная
c:\users\mi\desktop\курсач 2курс(2)\сервер1.0\сервер1.0\source.cpp(1639): warning C4101: buf1: неиспользованная локальная переменная
c:\users\mi\desktop\курсач 2курс(2)\сервер1.0\сервер1.0\source.cpp(1639): warning C4101: s: неиспользованная локальная переменная
  СЕРВЕР1.0.vcxproj -> C:\Users\Mi\Desktop\КУРСАЧ 2курс(2)\СЕРВЕР1.0\Debug\СЕРВЕР1.0.exe
