  Source.cpp
c:\users\mi\desktop\курсач 2курс(2)\клиент1.0\клиент1.0\source.cpp(531): warning C4244: =: преобразование "double" в "float", возможна потеря данных
c:\users\mi\desktop\курсач 2курс(2)\клиент1.0\клиент1.0\source.cpp(560): warning C4244: аргумент: преобразование "float" в "int", возможна потеря данных
c:\users\mi\desktop\курсач 2курс(2)\клиент1.0\клиент1.0\source.cpp(588): warning C4101: buf: неиспользованная локальная переменная
c:\users\mi\desktop\курсач 2курс(2)\клиент1.0\клиент1.0\source.cpp(756): warning C4101: count: неиспользованная локальная переменная
c:\users\mi\desktop\курсач 2курс(2)\клиент1.0\клиент1.0\source.cpp(756): warning C4101: key: неиспользованная локальная переменная
c:\users\mi\desktop\курсач 2курс(2)\клиент1.0\клиент1.0\source.cpp(782): warning C4244: =: преобразование "double" в "float", возможна потеря данных
c:\users\mi\desktop\курсач 2курс(2)\клиент1.0\клиент1.0\source.cpp(791): warning C4101: buf: неиспользованная локальная переменная
c:\users\mi\desktop\курсач 2курс(2)\клиент1.0\клиент1.0\source.cpp(791): warning C4101: str: неиспользованная локальная переменная
c:\users\mi\desktop\курсач 2курс(2)\клиент1.0\клиент1.0\source.cpp(898): warning C4018: >: несоответствие типов со знаком и без знака
c:\users\mi\desktop\курсач 2курс(2)\клиент1.0\клиент1.0\source.cpp(974): warning C4101: buf: неиспользованная локальная переменная
c:\users\mi\desktop\курсач 2курс(2)\клиент1.0\клиент1.0\source.cpp(1099): warning C4101: buf: неиспользованная локальная переменная
c:\users\mi\desktop\курсач 2курс(2)\клиент1.0\клиент1.0\source.cpp(1099): warning C4101: str: неиспользованная локальная переменная
c:\users\mi\desktop\курсач 2курс(2)\клиент1.0\клиент1.0\source.cpp(1119): warning C4101: key: неиспользованная локальная переменная
c:\users\mi\desktop\курсач 2курс(2)\клиент1.0\клиент1.0\source.cpp(1144): warning C4101: count: неиспользованная локальная переменная
c:\users\mi\desktop\курсач 2курс(2)\клиент1.0\клиент1.0\source.cpp(1144): warning C4101: key: неиспользованная локальная переменная
c:\users\mi\desktop\курсач 2курс(2)\клиент1.0\клиент1.0\source.cpp(1157): warning C4101: count: неиспользованная локальная переменная
c:\users\mi\desktop\курсач 2курс(2)\клиент1.0\клиент1.0\source.cpp(1162): warning C4101: buf: неиспользованная локальная переменная
c:\users\mi\desktop\курсач 2курс(2)\клиент1.0\клиент1.0\source.cpp(1202): warning C4101: count: неиспользованная локальная переменная
c:\users\mi\desktop\курсач 2курс(2)\клиент1.0\клиент1.0\source.cpp(1202): warning C4101: key: неиспользованная локальная переменная
c:\users\mi\desktop\курсач 2курс(2)\клиент1.0\клиент1.0\source.cpp(1244): warning C4101: count: неиспользованная локальная переменная
c:\users\mi\desktop\курсач 2курс(2)\клиент1.0\клиент1.0\source.cpp(1249): warning C4101: buf: неиспользованная локальная переменная
c:\users\mi\desktop\курсач 2курс(2)\клиент1.0\клиент1.0\source.cpp(1290): warning C4101: count: неиспользованная локальная переменная
c:\users\mi\desktop\курсач 2курс(2)\клиент1.0\клиент1.0\source.cpp(1295): warning C4101: buf: неиспользованная локальная переменная
c:\users\mi\desktop\курсач 2курс(2)\клиент1.0\клиент1.0\source.cpp(1335): warning C4101: count: неиспользованная локальная переменная
c:\users\mi\desktop\курсач 2курс(2)\клиент1.0\клиент1.0\source.cpp(1340): warning C4101: buf: неиспользованная локальная переменная
c:\users\mi\desktop\курсач 2курс(2)\клиент1.0\клиент1.0\source.cpp(1381): warning C4101: key: неиспользованная локальная переменная
c:\users\mi\desktop\курсач 2курс(2)\клиент1.0\клиент1.0\source.cpp(1401): warning C4101: retval: неиспользованная локальная переменная
c:\users\mi\desktop\курсач 2курс(2)\клиент1.0\клиент1.0\source.cpp(1419): warning C4101: count: неиспользованная локальная переменная
c:\users\mi\desktop\курсач 2курс(2)\клиент1.0\клиент1.0\source.cpp(1419): warning C4101: key: неиспользованная локальная переменная
c:\users\mi\desktop\курсач 2курс(2)\клиент1.0\клиент1.0\source.cpp(1461): warning C4101: count: неиспользованная локальная переменная
c:\users\mi\desktop\курсач 2курс(2)\клиент1.0\клиент1.0\source.cpp(1461): warning C4101: key: неиспользованная локальная переменная
c:\users\mi\desktop\курсач 2курс(2)\клиент1.0\клиент1.0\source.cpp(1492): warning C4101: count: неиспользованная локальная переменная
c:\users\mi\desktop\курсач 2курс(2)\клиент1.0\клиент1.0\source.cpp(1492): warning C4101: key: неиспользованная локальная переменная
c:\users\mi\desktop\курсач 2курс(2)\клиент1.0\клиент1.0\source.cpp(1744): warning C4101: buf: неиспользованная локальная переменная
c:\users\mi\desktop\курсач 2курс(2)\клиент1.0\клиент1.0\source.cpp(268): warning C4018: <: несоответствие типов со знаком и без знака
  c:\users\mi\desktop\курсач 2курс(2)\клиент1.0\клиент1.0\source.cpp(263): note: при компиляции функции-члена "<Нет данных>" класса класс <Нет данных>
  c:\users\mi\desktop\курсач 2курс(2)\клиент1.0\клиент1.0\source.cpp(245): note: выполняется компиляция ссылки на экземпляр шаблон функции "char *entrance<char>::crypt(T [])"
          with
          [
              T=char
          ]
  c:\users\mi\desktop\курсач 2курс(2)\клиент1.0\клиент1.0\source.cpp(261): note: выполняется компиляция ссылки на экземпляр шаблон класс "entrance<char>"
c:\users\mi\desktop\курсач 2курс(2)\клиент1.0\клиент1.0\source.cpp(278): warning C4018: <: несоответствие типов со знаком и без знака
c:\users\mi\desktop\курсач 2курс(2)\клиент1.0\клиент1.0\source.cpp(79): warning C4715: entrance<char>::deleteuser: значение возвращается не при всех путях выполнения
c:\users\mi\desktop\курсач 2курс(2)\клиент1.0\клиент1.0\source.cpp(337): warning C4715: entrance<char>::openuser: значение возвращается не при всех путях выполнения
c:\users\mi\desktop\курсач 2курс(2)\клиент1.0\клиент1.0\source.cpp(211): warning C4715: entrance<char>::loginadmin: значение возвращается не при всех путях выполнения
  КЛИЕНТ1.0.vcxproj -> C:\Users\Mi\Desktop\КУРСАЧ 2курс(2)\КЛИЕНТ1.0\Debug\КЛИЕНТ1.0.exe
